

times in msec
 clock   self+sourced   self:  sourced script
 clock   elapsed:              other lines

000.010  000.010: --- NVIM STARTING ---
000.301  000.291: event init
000.425  000.124: early init
000.636  000.211: locale set
000.687  000.051: init first window
001.011  000.324: inits 1
001.028  000.017: window checked
001.075  000.047: parsing arguments
001.674  000.065  000.065: require('vim.shared')
001.831  000.073  000.073: require('vim._options')
001.836  000.157  000.085: require('vim._editor')
001.838  000.283  000.061: require('vim._init_packages')
001.841  000.483: init lua interpreter
002.321  000.480: expanding arguments
002.361  000.040: inits 2
002.737  000.376: init highlight
002.741  000.004: waiting for UI
006.317  003.576: done waiting for UI
006.338  000.021: clear screen
009.104  002.766: init default mappings & autocommands
015.078  000.868  000.868: sourcing /tmp/.mount_nvim9bOc0B/usr/share/nvim/runtime/ftplugin.vim
016.709  001.023  001.023: sourcing /tmp/.mount_nvim9bOc0B/usr/share/nvim/runtime/indent.vim
018.070  000.016  000.016: require('vim.keymap')
023.243  005.242  005.226: require('user_settings.remap')
023.258  005.320  000.078: require('user_settings')
026.683  003.144  003.144: require('lazy')
026.911  000.205  000.205: require('custom.plugins.harpoon')
027.098  000.181  000.181: require('kickstart.plugins.autoformat')
027.224  000.088  000.088: require('ffi')
027.369  000.130  000.130: require('vim.loader')
027.528  000.027  000.027: require('vim.fs')
027.777  000.299  000.272: require('lazy.stats')
027.908  000.103  000.103: require('lazy.core.util')
028.016  000.105  000.105: require('lazy.core.config')
028.242  000.126  000.126: require('lazy.core.handler')
028.441  000.196  000.196: require('lazy.core.plugin')
028.453  000.434  000.112: require('lazy.core.loader')
029.527  000.146  000.146: require('custom.plugins')
029.734  000.195  000.195: require('custom.plugins.harpoon')
030.149  000.122  000.122: require('lazy.core.handler.event')
030.541  000.383  000.383: require('lazy.core.handler.keys')
030.765  000.210  000.210: require('lazy.core.handler.cmd')
030.932  000.150  000.150: require('lazy.core.handler.ft')
036.922  004.704  004.704: sourcing /tmp/.mount_nvim9bOc0B/usr/share/nvim/runtime/filetype.lua
049.359  001.154  001.154: require('onedark')
050.530  000.179  000.179: require('onedark.palette')
050.617  000.331  000.152: require('onedark.colors')
050.930  000.306  000.306: require('onedark.util')
051.099  001.056  000.419: require('onedark.highlights')
054.318  000.157  000.157: require('onedark.terminal')
054.341  006.364  003.997: sourcing /home/blaccod/.local/share/nvim/lazy/onedark.nvim/colors/onedark.lua
057.627  000.328  000.328: require('treesitter-context.config')
057.662  003.033  002.705: require('treesitter-context')
059.134  004.570  001.537: sourcing /home/blaccod/.local/share/nvim/lazy/nvim-treesitter-context/plugin/treesitter-context.lua
059.466  000.095  000.095: sourcing /home/blaccod/.local/share/nvim/lazy/vim-be-good/plugin/vim-be-good.vim
062.600  000.321  000.321: require('gitsigns.async')
063.189  000.581  000.581: require('gitsigns.config')
063.263  000.070  000.070: require('gitsigns.debug.log')
063.269  002.371  001.399: require('gitsigns')
074.179  000.934  000.934: require('vim.treesitter.language')
074.203  002.827  001.894: require('vim.treesitter.query')
076.423  002.216  002.216: require('vim.treesitter._range')
076.447  006.783  001.740: require('vim.treesitter.languagetree')
076.469  008.983  002.200: require('vim.treesitter')
076.475  009.175  000.192: require('nvim-treesitter.compat')
078.327  001.628  001.628: require('nvim-treesitter.parsers')
078.537  000.202  000.202: require('nvim-treesitter.utils')
078.550  001.940  000.110: require('nvim-treesitter.ts_utils')
078.560  002.081  000.142: require('nvim-treesitter.tsrange')
078.715  000.153  000.153: require('nvim-treesitter.caching')
078.773  011.550  000.140: require('nvim-treesitter.query')
078.836  011.834  000.284: require('nvim-treesitter.configs')
078.840  013.595  001.761: require('nvim-treesitter-textobjects')
079.790  000.261  000.261: require('nvim-treesitter.info')
079.878  000.081  000.081: require('nvim-treesitter.shell_command_selectors')
079.917  000.749  000.408: require('nvim-treesitter.install')
079.976  000.057  000.057: require('nvim-treesitter.statusline')
080.042  000.063  000.063: require('nvim-treesitter.query_predicates')
080.047  001.129  000.260: require('nvim-treesitter')
080.176  000.062  000.062: require('nvim-treesitter.textobjects.shared')
080.182  000.127  000.065: require('nvim-treesitter.textobjects.select')
080.330  000.051  000.051: require('nvim-treesitter.textobjects.attach')
080.399  000.066  000.066: require('nvim-treesitter.textobjects.repeatable_move')
080.408  000.187  000.071: require('nvim-treesitter.textobjects.move')
080.758  000.084  000.084: require('nvim-treesitter.textobjects.swap')
081.006  000.078  000.078: require('nvim-treesitter.textobjects.lsp_interop')
081.032  015.809  000.609: sourcing /home/blaccod/.local/share/nvim/lazy/nvim-treesitter-textobjects/plugin/nvim-treesitter-textobjects.vim
082.173  001.023  001.023: sourcing /home/blaccod/.local/share/nvim/lazy/nvim-treesitter/plugin/nvim-treesitter.lua
083.964  001.628  001.628: sourcing /home/blaccod/.local/share/nvim/lazy/vim-fugitive/plugin/fugitive.vim
084.214  000.014  000.014: sourcing /home/blaccod/.local/share/nvim/lazy/vim-fugitive/ftdetect/fugitive.vim
086.181  000.127  000.127: sourcing /home/blaccod/.local/share/nvim/lazy/vim-rhubarb/plugin/rhubarb.vim
088.895  000.049  000.049: sourcing /home/blaccod/.local/share/nvim/lazy/plenary.nvim/plugin/plenary.vim
090.848  000.330  000.330: sourcing /home/blaccod/.local/share/nvim/lazy/telescope.nvim/plugin/telescope.lua
092.278  000.021  000.021: sourcing /home/blaccod/.local/share/nvim/lazy/which-key.nvim/plugin/which-key.vim
094.081  000.056  000.056: require('which-key.util')
094.091  000.109  000.054: require('which-key.tree')
094.305  000.211  000.211: require('which-key.config')
094.315  000.419  000.099: require('which-key.keys')
094.319  001.954  001.534: require('which-key')
097.654  000.138  000.138: require('ibl.utils')
097.673  000.322  000.184: require('ibl.config')
097.796  000.052  000.052: require('ibl.indent')
097.805  000.130  000.078: require('ibl.hooks')
097.809  000.553  000.101: require('ibl.highlights')
097.864  000.053  000.053: require('ibl.autocmds')
097.922  000.056  000.056: require('ibl.inlay_hints')
098.029  000.104  000.104: require('ibl.virt_text')
098.387  000.287  000.287: require('ibl.scope_languages')
098.392  000.360  000.073: require('ibl.scope')
098.403  003.822  002.695: require('ibl')
107.253  001.415  001.415: require('vim.lsp.log')
109.026  001.759  001.759: require('vim.lsp.protocol')
116.227  002.514  002.514: require('vim.lsp._snippet')
118.144  001.905  001.905: require('vim.highlight')
118.175  000.014  000.014: require('vim.F')
118.222  009.185  004.752: require('vim.lsp.util')
118.271  016.554  004.195: require('vim.lsp.handlers')
121.435  003.161  003.161: require('vim.lsp.rpc')
123.545  002.097  002.097: require('vim.lsp.sync')
126.667  003.109  003.109: require('vim.lsp.semantic_tokens')
128.470  001.790  001.790: require('vim.lsp.buf')
129.689  001.209  001.209: require('vim.lsp.diagnostic')
131.117  001.419  001.419: require('vim.lsp.codelens')
131.260  032.733  003.394: require('vim.lsp')
138.673  000.104  000.104: require('fidget.spinner.patterns')
138.686  000.164  000.060: require('fidget.spinner')
138.737  000.047  000.047: require('fidget.options')
138.810  000.378  000.167: require('fidget.progress.display')
138.989  000.102  000.102: require('fidget.logger')
139.009  000.196  000.094: require('fidget.progress.lsp')
139.258  000.063  000.063: require('fidget.poll')
139.264  000.126  000.063: require('fidget.notification.model')
139.383  000.116  000.116: require('fidget.notification.window')
139.573  000.187  000.187: require('fidget.notification.view')
139.650  000.582  000.152: require('fidget.notification')
139.657  000.646  000.064: require('fidget.progress.handle')
139.800  001.482  000.263: require('fidget.progress')
139.952  000.144  000.144: require('fidget.commands')
140.051  000.049  000.049: require('fidget.integration.nvim-tree')
140.106  000.052  000.052: require('fidget.integration.xcodebuild-nvim')
140.111  000.155  000.054: require('fidget.integration')
140.118  003.644  001.862: require('fidget')
144.954  000.203  000.203: sourcing /home/blaccod/.local/share/nvim/lazy/nvim-lspconfig/plugin/lspconfig.lua
148.065  000.535  000.535: sourcing /home/blaccod/.local/share/nvim/lazy/vim-sleuth/plugin/sleuth.vim
152.354  001.476  001.476: require('vim.filetype')
154.690  000.056  000.056: require('luasnip.util.types')
154.704  000.155  000.098: require('luasnip.util.ext_opts')
154.944  000.089  000.089: require('luasnip.util.lazy_table')
155.010  000.060  000.060: require('luasnip.extras.filetype_functions')
155.028  000.260  000.110: require('luasnip.default_config')
155.032  000.326  000.066: require('luasnip.session')
155.037  002.199  001.719: require('luasnip.config')
155.325  000.144  000.144: require('luasnip.util.util')
155.513  000.070  000.070: require('luasnip.nodes.key_indexer')
155.526  000.196  000.126: require('luasnip.nodes.util')
155.724  000.057  000.057: require('luasnip.session.snippet_collection.source')
155.772  000.046  000.046: require('luasnip.util.table')
155.939  000.165  000.165: require('luasnip.util.auto_table')
156.031  000.503  000.236: require('luasnip.session.snippet_collection')
157.300  000.363  000.363: require('luasnip.util.select')
157.386  000.080  000.080: require('luasnip.util.time')
158.148  001.719  001.276: require('luasnip.util._builtin_vars')
158.304  000.147  000.147: require('vim.inspect')
158.493  002.456  000.590: require('luasnip.util.environ')
158.619  000.121  000.121: require('luasnip.util.extend_decorator')
159.030  000.194  000.194: require('luasnip.util.path')
159.395  000.253  000.253: require('luasnip.util.log')
159.436  000.401  000.147: require('luasnip.loaders.util')
159.552  000.114  000.114: require('luasnip.loaders.data')
160.216  000.661  000.661: require('luasnip.loaders.fs_watchers')
160.231  001.608  000.238: require('luasnip.loaders')
160.279  005.229  000.200: require('luasnip')
160.319  009.539  000.635: sourcing /home/blaccod/.local/share/nvim/lazy/LuaSnip/plugin/luasnip.lua
160.450  000.069  000.069: sourcing /home/blaccod/.local/share/nvim/lazy/LuaSnip/plugin/luasnip.vim
165.950  000.211  000.211: require('cmp.utils.api')
166.130  000.077  000.077: require('cmp.types.cmp')
166.354  000.122  000.122: require('cmp.utils.misc')
166.486  000.352  000.230: require('cmp.types.lsp')
166.590  000.098  000.098: require('cmp.types.vim')
166.593  000.634  000.107: require('cmp.types')
166.731  000.135  000.135: require('cmp.utils.highlight')
166.862  000.060  000.060: require('cmp.utils.debug')
166.876  000.142  000.082: require('cmp.utils.autocmd')
167.247  001.636  000.513: sourcing /home/blaccod/.local/share/nvim/lazy/nvim-cmp/plugin/cmp.lua
170.974  000.102  000.102: require('Comment.config')
171.287  000.210  000.210: require('Comment.ft')
171.299  000.316  000.106: require('Comment.utils')
171.393  000.092  000.092: require('Comment.opfunc')
171.525  000.129  000.129: require('Comment.extra')
171.537  002.483  001.843: require('Comment.api')
171.669  002.699  000.217: sourcing /home/blaccod/.local/share/nvim/lazy/Comment.nvim/plugin/Comment.lua
171.834  000.096  000.096: require('Comment')
174.488  000.179  000.179: require('lualine_require')
174.963  002.758  002.578: require('lualine')
179.922  000.312  000.312: require('lualine.utils.mode')
188.889  001.431  001.431: sourcing /tmp/.mount_nvim9bOc0B/usr/share/nvim/runtime/plugin/editorconfig.lua
189.784  000.512  000.512: sourcing /tmp/.mount_nvim9bOc0B/usr/share/nvim/runtime/plugin/gzip.vim
190.374  000.240  000.240: sourcing /tmp/.mount_nvim9bOc0B/usr/share/nvim/runtime/plugin/health.vim
191.700  000.954  000.954: sourcing /tmp/.mount_nvim9bOc0B/usr/share/nvim/runtime/plugin/man.lua
196.690  001.183  001.183: sourcing /tmp/.mount_nvim9bOc0B/usr/share/nvim/runtime/pack/dist/opt/matchit/plugin/matchit.vim
197.901  005.748  004.565: sourcing /tmp/.mount_nvim9bOc0B/usr/share/nvim/runtime/plugin/matchit.vim
198.712  000.372  000.372: sourcing /tmp/.mount_nvim9bOc0B/usr/share/nvim/runtime/plugin/matchparen.vim
199.833  000.724  000.724: sourcing /tmp/.mount_nvim9bOc0B/usr/share/nvim/runtime/plugin/netrwPlugin.vim
200.885  000.712  000.712: sourcing /tmp/.mount_nvim9bOc0B/usr/share/nvim/runtime/plugin/nvim.lua
201.770  000.343  000.343: sourcing /tmp/.mount_nvim9bOc0B/usr/share/nvim/runtime/plugin/rplugin.vim
202.389  000.259  000.259: sourcing /tmp/.mount_nvim9bOc0B/usr/share/nvim/runtime/plugin/shada.vim
202.930  000.180  000.180: sourcing /tmp/.mount_nvim9bOc0B/usr/share/nvim/runtime/plugin/spellfile.vim
203.841  000.350  000.350: sourcing /tmp/.mount_nvim9bOc0B/usr/share/nvim/runtime/plugin/tarPlugin.vim
205.033  000.738  000.738: sourcing /tmp/.mount_nvim9bOc0B/usr/share/nvim/runtime/plugin/tohtml.vim
205.782  000.183  000.183: sourcing /tmp/.mount_nvim9bOc0B/usr/share/nvim/runtime/plugin/tutor.vim
206.622  000.405  000.405: sourcing /tmp/.mount_nvim9bOc0B/usr/share/nvim/runtime/plugin/zipPlugin.vim
207.930  000.147  000.147: require('cmp.utils.char')
207.947  000.230  000.082: require('cmp.utils.str')
208.148  000.045  000.045: require('cmp.utils.buffer')
208.157  000.139  000.094: require('cmp.utils.keymap')
208.160  000.210  000.071: require('cmp.utils.feedkeys')
208.382  000.065  000.065: require('cmp.config.mapping')
208.485  000.100  000.100: require('cmp.utils.cache')
208.637  000.067  000.067: require('cmp.config.compare')
208.641  000.149  000.082: require('cmp.config.default')
208.671  000.426  000.112: require('cmp.config')
208.692  000.530  000.104: require('cmp.utils.async')
208.803  000.048  000.048: require('cmp.utils.pattern')
208.808  000.114  000.066: require('cmp.context')
209.096  000.117  000.117: require('cmp.utils.snippet')
209.158  000.058  000.058: require('cmp.matcher')
209.166  000.282  000.107: require('cmp.entry')
209.176  000.366  000.084: require('cmp.source')
209.296  000.048  000.048: require('cmp.utils.event')
209.596  000.095  000.095: require('cmp.utils.options')
209.610  000.245  000.150: require('cmp.utils.window')
209.622  000.322  000.077: require('cmp.view.docs_view')
209.846  000.220  000.220: require('cmp.view.custom_entries_view')
209.996  000.144  000.144: require('cmp.view.wildmenu_entries_view')
210.093  000.091  000.091: require('cmp.view.native_entries_view')
210.208  000.111  000.111: require('cmp.view.ghost_text_view')
210.224  001.046  000.110: require('cmp.view')
211.023  003.492  000.997: require('cmp.core')
211.353  000.108  000.108: require('cmp.config.sources')
211.411  000.052  000.052: require('cmp.config.window')
211.481  004.145  000.492: require('cmp')
211.583  000.098  000.098: require('cmp_path')
211.607  004.397  000.154: sourcing /home/blaccod/.local/share/nvim/lazy/cmp-path/after/plugin/cmp_path.lua
211.930  000.059  000.059: require('cmp_nvim_lsp.source')
211.936  000.130  000.071: require('cmp_nvim_lsp')
212.004  000.279  000.149: sourcing /home/blaccod/.local/share/nvim/lazy/cmp-nvim-lsp/after/plugin/cmp_nvim_lsp.lua
212.322  000.131  000.131: require('cmp_luasnip')
212.378  000.265  000.134: sourcing /home/blaccod/.local/share/nvim/lazy/cmp_luasnip/after/plugin/cmp_luasnip.lua
212.553  000.096  000.096: sourcing /home/blaccod/.local/share/nvim/lazy/indent-blankline.nvim/after/plugin/commands.lua
217.118  004.099  004.099: require('vim.diagnostic')
217.370  000.064  000.064: require('telescope._extensions')
217.376  000.174  000.111: require('telescope')
217.742  000.070  000.070: require('plenary.bit')
217.798  000.052  000.052: require('plenary.functional')
218.687  001.133  001.010: require('plenary.path')
218.722  001.223  000.090: require('plenary.strings')
218.808  000.083  000.083: require('telescope.deprecated')
219.194  000.232  000.232: require('plenary.log')
219.221  000.310  000.078: require('telescope.log')
219.457  000.108  000.108: require('plenary.job')
219.520  000.059  000.059: require('telescope.state')
219.603  000.379  000.212: require('telescope.utils')
219.613  000.799  000.111: require('telescope.sorters')
222.794  005.414  003.309: require('telescope.config')
224.604  000.165  000.165: require('fzf_lib')
224.614  000.292  000.127: require('telescope._extensions.fzf')
224.762  000.130  000.130: require('telescope.builtin')
225.310  000.361  000.361: require('mason-core.path')
225.539  000.117  000.117: require('mason-core.functional')
225.816  000.071  000.071: require('mason-core.functional.data')
225.831  000.194  000.123: require('mason-core.functional.function')
225.989  000.123  000.123: require('mason-core.functional.relation')
226.157  000.143  000.143: require('mason-core.functional.logic')
226.182  000.864  000.288: require('mason-core.platform')
226.360  000.175  000.175: require('mason.settings')
226.374  001.485  000.085: require('mason')
226.898  000.188  000.188: require('mason-core.functional.list')
227.083  000.178  000.178: require('mason-core.functional.string')
227.131  000.654  000.288: require('mason.api.command')
227.270  000.128  000.128: require('mason-registry.sources')
227.604  000.179  000.179: require('mason-core.log')
227.701  000.094  000.094: require('mason-lspconfig.settings')
227.711  000.425  000.152: require('mason-lspconfig')
227.872  000.071  000.071: require('mason-lspconfig.notify')
227.880  000.165  000.094: require('mason-lspconfig.lspconfig_hook')
228.268  000.386  000.386: require('lspconfig.util')
228.564  000.114  000.114: require('mason-core.functional.table')
228.629  000.355  000.242: require('mason-lspconfig.mappings.server')
229.590  000.435  000.435: require('mason-core.EventEmitter')
229.993  000.396  000.396: require('mason-core.optional')
231.046  000.562  000.562: require('mason-core.async')
231.326  000.272  000.272: require('mason-core.async.uv')
231.424  001.425  000.591: require('mason-core.fs')
231.518  002.886  000.630: require('mason-registry')
231.860  000.335  000.335: require('mason-lspconfig.server_config_extensions')
232.873  000.371  000.371: require('lspconfig.async')
232.881  001.015  000.644: require('lspconfig.configs')
233.499  000.616  000.616: require('lspconfig.server_configurations.omnisharp')
235.683  000.378  000.378: require('mason-core.functional.number')
235.817  001.051  000.673: require('mason-lspconfig.api.command')
236.201  000.377  000.377: require('neodev')
236.556  000.349  000.349: require('neodev.config')
237.383  000.352  000.352: require('neodev.util')
237.393  000.814  000.462: require('neodev.lsp')
241.515  000.373  000.373: require('mason-lspconfig.ensure_installed')
242.585  000.492  000.492: require('mason-core.result')
244.083  000.742  000.742: require('mason-core.process')
244.880  000.791  000.791: require('mason-core.spawn')
244.890  001.853  000.320: require('mason-core.managers.powershell')
245.143  000.250  000.250: require('mason.version')
245.150  002.558  000.455: require('mason-core.fetch')
245.443  000.289  000.289: require('mason-core.providers')
247.678  001.135  001.135: require('mason-core.purl')
247.791  001.941  000.806: require('mason-core.package')
249.726  000.613  000.613: require('mason-core.installer.registry.expr')
249.830  001.480  000.867: require('mason-core.installer.registry.link')
252.891  000.575  000.575: require('mason-core.receipt')
253.022  001.562  000.987: require('mason-core.installer.context')
253.466  000.438  000.438: require('mason-core.async.control')
254.257  000.785  000.785: require('mason-core.installer.linker')
254.298  003.544  000.759: require('mason-core.installer')
254.441  004.316  000.773: require('mason-core.installer.managers.std')
254.444  004.609  000.292: require('mason-core.installer.registry.schemas')
254.796  000.350  000.350: require('mason-core.installer.registry.util')
254.875  007.077  000.639: require('mason-core.installer.registry')
254.904  009.456  000.438: require('mason-registry.sources.util')
255.003  013.467  000.672: require('mason-registry.sources.github')
263.717  000.273  000.273: require('lspconfig')
264.341  000.611  000.611: require('lspconfig.server_configurations.eslint')
266.575  000.454  000.454: require('lspconfig.manager')
266.864  000.232  000.232: require('lspconfig.server_configurations.lua_ls')
267.750  000.074  000.074: require('lspconfig.server_configurations.pylsp')
268.003  000.106  000.106: require('mason-lspconfig.server_configurations.pylsp')
268.293  000.083  000.083: require('lspconfig.server_configurations.cssls')
269.187  000.069  000.069: require('luasnip.session.enqueueable_operations')
269.681  000.051  000.051: require('luasnip.util.events')
269.701  000.171  000.120: require('luasnip.nodes.node')
269.873  000.170  000.170: require('luasnip.nodes.insertNode')
270.023  000.146  000.146: require('luasnip.nodes.textNode')
270.118  000.088  000.088: require('luasnip.util.mark')
270.178  000.057  000.057: require('luasnip.util.pattern_tokenizer')
270.305  000.124  000.124: require('luasnip.util.dict')
270.690  000.318  000.318: require('luasnip.util.jsregexp')
270.697  000.385  000.067: require('luasnip.nodes.util.trig_engines')
270.800  001.541  000.400: require('luasnip.nodes.snippet')
271.059  000.106  000.106: require('luasnip.util.parser.neovim_ast')
271.133  000.067  000.067: require('luasnip.util.str')
271.456  000.318  000.318: require('luasnip.util.jsregexp')
271.536  000.076  000.076: require('luasnip.util.directed_graph')
271.543  000.653  000.086: require('luasnip.util.parser.ast_utils')
271.624  000.079  000.079: require('luasnip.nodes.functionNode')
271.722  000.095  000.095: require('luasnip.nodes.choiceNode')
271.809  000.085  000.085: require('luasnip.nodes.dynamicNode')
271.862  000.050  000.050: require('luasnip.util.functions')
271.869  001.065  000.104: require('luasnip.util.parser.ast_parser')
272.004  000.132  000.132: require('luasnip.util.parser.neovim_parser')
272.016  002.823  000.085: require('luasnip.util.parser')
272.099  000.080  000.080: require('luasnip.nodes.snippetProxy')
272.237  000.133  000.133: require('luasnip.util.jsonc')
272.347  000.049  000.049: require('luasnip.nodes.duplicate')
272.350  000.109  000.060: require('luasnip.loaders.snippet_cache')
272.361  003.505  000.291: require('luasnip.loaders.from_vscode')
276.472  000.110  000.110: require('luasnip.nodes.multiSnippet')
280.302  262.966  096.022: sourcing /home/blaccod/.config/nvim/init.lua
280.328  006.367: sourcing vimrc file(s)
281.258  000.112  000.112: sourcing /tmp/.mount_nvim9bOc0B/usr/share/nvim/runtime/filetype.lua
284.431  000.246  000.246: sourcing /tmp/.mount_nvim9bOc0B/usr/share/nvim/runtime/syntax/synload.vim
284.667  001.936  001.690: sourcing /tmp/.mount_nvim9bOc0B/usr/share/nvim/runtime/syntax/syntax.vim
284.724  002.347: inits 3
298.342  013.618: reading ShaDa
298.890  000.159  000.159: require('luasnip.loaders.from_lua')
299.016  000.118  000.118: require('luasnip.loaders.from_snipmate')
299.179  000.560: opening buffers
301.232  002.054: BufEnter autocommands
301.243  000.011: editing files in windows
301.473  000.204  000.204: require('which-key.plugins')
301.560  000.079  000.079: require('which-key.plugins.registers')
301.649  000.084  000.084: require('which-key.mappings')
301.984  000.101  000.101: require('which-key.plugins.spelling')
302.245  000.160  000.160: require('which-key.plugins.presets')
302.348  000.098  000.098: require('which-key.plugins.presets.misc')
302.419  000.059  000.059: require('which-key.plugins.marks')
302.756  000.071  000.071: require('which-key.colors')
816.303  497.216  497.216: sourcing /tmp/.mount_nvim9bOc0B/usr/share/nvim/runtime/autoload/netrw.vim
817.507  000.078  000.078: sourcing /home/blaccod/.local/share/nvim/.netrwhist
840.582  005.775  005.775: sourcing /tmp/.mount_nvim9bOc0B/usr/share/nvim/runtime/syntax/netrw.vim
851.888  000.401  000.401: sourcing /tmp/.mount_nvim9bOc0B/usr/share/nvim/runtime/syntax/netrw.vim
876.481  007.681  007.681: require('vim.filetype.detect')
877.873  064.623: VimEnter autocommands
878.606  000.733: UIEnter autocommands
878.612  000.006: before starting main loop
881.750  003.139: first screen update
881.758  000.008: --- NVIM STARTED ---


times in msec
 clock   self+sourced   self:  sourced script
 clock   elapsed:              other lines

000.012  000.012: --- NVIM STARTING ---
017.763  017.752: event init
037.256  019.493: early init
037.631  000.374: locale set
047.407  009.776: init first window
062.811  015.404: inits 1
062.836  000.026: window checked
062.915  000.079: parsing arguments
075.479  000.097  000.097: require('vim.shared')
075.651  000.071  000.071: require('vim._options')
075.655  000.165  000.095: require('vim._editor')
075.659  000.441  000.178: require('vim._init_packages')
075.663  012.307: init lua interpreter
076.963  001.299: expanding arguments
077.018  000.055: inits 2
080.560  003.542: init highlight
